nohup: ignoring input
[nltk_data] Downloading package wordnet to /root/nltk_data...
[nltk_data]   Package wordnet is already up-to-date!
******************************

(0, '0.068*"zombie" + 0.034*"dead" + 0.032*"zombies" + 0.023*"demon" + 0.020*"evil" + 0.019*"witch" + 0.015*"devil" + 0.010*"possession" + 0.009*"live" + 0.008*"exorcism"')
******************************






******************************

(1, '0.058*"movie" + 0.023*"good" + 0.021*"horror" + 0.021*"film" + 0.020*"watch" + 0.019*"like" + 0.013*"story" + 0.011*"end" + 0.011*"act" + 0.011*"think"')
******************************






******************************

(2, '0.046*"vampire" + 0.023*"werewolf" + 0.023*"vampires" + 0.021*"english" + 0.015*"la" + 0.014*"subtitle" + 0.014*"godzilla" + 0.011*"frankenstein" + 0.011*"german" + 0.011*"american"')
******************************






******************************

(3, '0.009*"fun" + 0.009*"action" + 0.009*"creature" + 0.009*"go" + 0.008*"group" + 0.008*"alien" + 0.007*"come" + 0.007*"lot" + 0.007*"scenes" + 0.006*"monster"')
******************************






******************************

(4, '0.026*"house" + 0.015*"ghost" + 0.013*"family" + 0.011*"mother" + 0.010*"go" + 0.010*"haunt" + 0.009*"start" + 0.008*"home" + 0.008*"end" + 0.008*"girl"')
******************************






******************************

(5, '0.035*"movie" + 0.021*"bad" + 0.018*"film" + 0.017*"like" + 0.015*"watch" + 0.015*"act" + 0.013*"time" + 0.008*"look" + 0.008*"people" + 0.007*"movies"')
******************************






******************************

(6, '0.039*"film" + 0.028*"horror" + 0.007*"story" + 0.006*"director" + 0.006*"great" + 0.006*"cast" + 0.006*"genre" + 0.006*"set" + 0.005*"atmosphere" + 0.005*"performances"')
******************************






******************************

(7, '0.037*"film" + 0.011*"character" + 0.009*"like" + 0.007*"feel" + 0.006*"story" + 0.006*"time" + 0.006*"end" + 0.005*"way" + 0.005*"make" + 0.005*"people"')
******************************






******************************

(8, '0.020*"kill" + 0.015*"killer" + 0.010*"sex" + 0.009*"nudity" + 0.008*"girl" + 0.008*"get" + 0.008*"scene" + 0.008*"murder" + 0.007*"blood" + 0.007*"girls"')
******************************






******************************

(9, '0.013*"play" + 0.007*"star" + 0.006*"michael" + 0.006*"role" + 0.006*"cast" + 0.006*"john" + 0.005*"direct" + 0.005*"director" + 0.005*"performance" + 0.004*"writer"')
******************************






******************************

(0, '0.068*"zombie" + 0.034*"dead" + 0.032*"zombies" + 0.023*"demon" + 0.020*"evil" + 0.019*"witch" + 0.015*"devil" + 0.010*"possession" + 0.009*"live" + 0.008*"exorcism" + 0.008*"possess"')
******************************






******************************

(1, '0.058*"movie" + 0.023*"good" + 0.021*"horror" + 0.021*"film" + 0.020*"watch" + 0.019*"like" + 0.013*"story" + 0.011*"end" + 0.011*"act" + 0.011*"think" + 0.011*"great"')
******************************






******************************

(2, '0.046*"vampire" + 0.023*"werewolf" + 0.023*"vampires" + 0.021*"english" + 0.015*"la" + 0.014*"subtitle" + 0.014*"godzilla" + 0.011*"frankenstein" + 0.011*"german" + 0.011*"american" + 0.010*"wolf"')
******************************






******************************

(3, '0.009*"fun" + 0.009*"action" + 0.009*"creature" + 0.009*"go" + 0.008*"group" + 0.008*"alien" + 0.007*"come" + 0.007*"lot" + 0.007*"scenes" + 0.006*"monster" + 0.006*"attack"')
******************************






******************************

(4, '0.026*"house" + 0.015*"ghost" + 0.013*"family" + 0.011*"mother" + 0.010*"go" + 0.010*"haunt" + 0.009*"start" + 0.008*"home" + 0.008*"end" + 0.008*"girl" + 0.008*"happen"')
******************************






******************************

(5, '0.035*"movie" + 0.021*"bad" + 0.018*"film" + 0.017*"like" + 0.015*"watch" + 0.015*"act" + 0.013*"time" + 0.008*"look" + 0.008*"people" + 0.007*"movies" + 0.007*"waste"')
******************************






******************************

(6, '0.039*"film" + 0.028*"horror" + 0.007*"story" + 0.006*"director" + 0.006*"great" + 0.006*"cast" + 0.006*"genre" + 0.006*"set" + 0.005*"atmosphere" + 0.005*"performances" + 0.005*"effect"')
******************************






******************************

(7, '0.037*"film" + 0.011*"character" + 0.009*"like" + 0.007*"feel" + 0.006*"story" + 0.006*"time" + 0.006*"end" + 0.005*"way" + 0.005*"make" + 0.005*"people" + 0.005*"come"')
******************************






******************************

(8, '0.020*"kill" + 0.015*"killer" + 0.010*"sex" + 0.009*"nudity" + 0.008*"girl" + 0.008*"get" + 0.008*"scene" + 0.008*"murder" + 0.007*"blood" + 0.007*"girls" + 0.007*"women"')
******************************






******************************

(9, '0.013*"play" + 0.007*"star" + 0.006*"michael" + 0.006*"role" + 0.006*"cast" + 0.006*"john" + 0.005*"direct" + 0.005*"director" + 0.005*"performance" + 0.004*"writer" + 0.004*"david"')
******************************






******************************

(0, '0.068*"zombie" + 0.034*"dead" + 0.032*"zombies" + 0.023*"demon" + 0.020*"evil" + 0.019*"witch" + 0.015*"devil" + 0.010*"possession" + 0.009*"live" + 0.008*"exorcism" + 0.008*"possess" + 0.007*"priest"')
******************************






******************************

(1, '0.058*"movie" + 0.023*"good" + 0.021*"horror" + 0.021*"film" + 0.020*"watch" + 0.019*"like" + 0.013*"story" + 0.011*"end" + 0.011*"act" + 0.011*"think" + 0.011*"great" + 0.010*"movies"')
******************************






******************************

(2, '0.046*"vampire" + 0.023*"werewolf" + 0.023*"vampires" + 0.021*"english" + 0.015*"la" + 0.014*"subtitle" + 0.014*"godzilla" + 0.011*"frankenstein" + 0.011*"german" + 0.011*"american" + 0.010*"wolf" + 0.010*"spanish"')
******************************






******************************

(3, '0.009*"fun" + 0.009*"action" + 0.009*"creature" + 0.009*"go" + 0.008*"group" + 0.008*"alien" + 0.007*"come" + 0.007*"lot" + 0.007*"scenes" + 0.006*"monster" + 0.006*"attack" + 0.006*"feature"')
******************************






******************************

(4, '0.026*"house" + 0.015*"ghost" + 0.013*"family" + 0.011*"mother" + 0.010*"go" + 0.010*"haunt" + 0.009*"start" + 0.008*"home" + 0.008*"end" + 0.008*"girl" + 0.008*"happen" + 0.008*"story"')
******************************






******************************

(5, '0.035*"movie" + 0.021*"bad" + 0.018*"film" + 0.017*"like" + 0.015*"watch" + 0.015*"act" + 0.013*"time" + 0.008*"look" + 0.008*"people" + 0.007*"movies" + 0.007*"waste" + 0.007*"good"')
******************************






******************************

(6, '0.039*"film" + 0.028*"horror" + 0.007*"story" + 0.006*"director" + 0.006*"great" + 0.006*"cast" + 0.006*"genre" + 0.006*"set" + 0.005*"atmosphere" + 0.005*"performances" + 0.005*"effect" + 0.005*"cinematography"')
******************************






******************************

(7, '0.037*"film" + 0.011*"character" + 0.009*"like" + 0.007*"feel" + 0.006*"story" + 0.006*"time" + 0.006*"end" + 0.005*"way" + 0.005*"make" + 0.005*"people" + 0.005*"come" + 0.005*"think"')
******************************






******************************

(8, '0.020*"kill" + 0.015*"killer" + 0.010*"sex" + 0.009*"nudity" + 0.008*"girl" + 0.008*"get" + 0.008*"scene" + 0.008*"murder" + 0.007*"blood" + 0.007*"girls" + 0.007*"women" + 0.006*"body"')
******************************






******************************

(9, '0.013*"play" + 0.007*"star" + 0.006*"michael" + 0.006*"role" + 0.006*"cast" + 0.006*"john" + 0.005*"direct" + 0.005*"director" + 0.005*"performance" + 0.004*"writer" + 0.004*"david" + 0.004*"jam"')
******************************






******************************

(0, '0.068*"zombie" + 0.034*"dead" + 0.032*"zombies" + 0.023*"demon" + 0.020*"evil" + 0.019*"witch" + 0.015*"devil" + 0.010*"possession" + 0.009*"live" + 0.008*"exorcism" + 0.008*"possess" + 0.007*"priest" + 0.007*"demons"')
******************************






******************************

(1, '0.058*"movie" + 0.023*"good" + 0.021*"horror" + 0.021*"film" + 0.020*"watch" + 0.019*"like" + 0.013*"story" + 0.011*"end" + 0.011*"act" + 0.011*"think" + 0.011*"great" + 0.010*"movies" + 0.010*"character"')
******************************






******************************

(2, '0.046*"vampire" + 0.023*"werewolf" + 0.023*"vampires" + 0.021*"english" + 0.015*"la" + 0.014*"subtitle" + 0.014*"godzilla" + 0.011*"frankenstein" + 0.011*"german" + 0.011*"american" + 0.010*"wolf" + 0.010*"spanish" + 0.009*"version"')
******************************






******************************

(3, '0.009*"fun" + 0.009*"action" + 0.009*"creature" + 0.009*"go" + 0.008*"group" + 0.008*"alien" + 0.007*"come" + 0.007*"lot" + 0.007*"scenes" + 0.006*"monster" + 0.006*"attack" + 0.006*"feature" + 0.006*"enjoyable"')
******************************






******************************

(4, '0.026*"house" + 0.015*"ghost" + 0.013*"family" + 0.011*"mother" + 0.010*"go" + 0.010*"haunt" + 0.009*"start" + 0.008*"home" + 0.008*"end" + 0.008*"girl" + 0.008*"happen" + 0.008*"story" + 0.008*"old"')
******************************






******************************

(5, '0.035*"movie" + 0.021*"bad" + 0.018*"film" + 0.017*"like" + 0.015*"watch" + 0.015*"act" + 0.013*"time" + 0.008*"look" + 0.008*"people" + 0.007*"movies" + 0.007*"waste" + 0.007*"good" + 0.006*"know"')
******************************






******************************

(6, '0.039*"film" + 0.028*"horror" + 0.007*"story" + 0.006*"director" + 0.006*"great" + 0.006*"cast" + 0.006*"genre" + 0.006*"set" + 0.005*"atmosphere" + 0.005*"performances" + 0.005*"effect" + 0.005*"cinematography" + 0.004*"music"')
******************************






******************************

(7, '0.037*"film" + 0.011*"character" + 0.009*"like" + 0.007*"feel" + 0.006*"story" + 0.006*"time" + 0.006*"end" + 0.005*"way" + 0.005*"make" + 0.005*"people" + 0.005*"come" + 0.005*"think" + 0.004*"work"')
******************************






******************************

(8, '0.020*"kill" + 0.015*"killer" + 0.010*"sex" + 0.009*"nudity" + 0.008*"girl" + 0.008*"get" + 0.008*"scene" + 0.008*"murder" + 0.007*"blood" + 0.007*"girls" + 0.007*"women" + 0.006*"body" + 0.006*"guy"')
******************************






******************************

(9, '0.013*"play" + 0.007*"star" + 0.006*"michael" + 0.006*"role" + 0.006*"cast" + 0.006*"john" + 0.005*"direct" + 0.005*"director" + 0.005*"performance" + 0.004*"writer" + 0.004*"david" + 0.004*"jam" + 0.004*"work"')
******************************






******************************

(0, '0.068*"zombie" + 0.034*"dead" + 0.032*"zombies" + 0.023*"demon" + 0.020*"evil" + 0.019*"witch" + 0.015*"devil" + 0.010*"possession" + 0.009*"live" + 0.008*"exorcism" + 0.008*"possess" + 0.007*"priest" + 0.007*"demons" + 0.006*"world"')
******************************






******************************

(1, '0.058*"movie" + 0.023*"good" + 0.021*"horror" + 0.021*"film" + 0.020*"watch" + 0.019*"like" + 0.013*"story" + 0.011*"end" + 0.011*"act" + 0.011*"think" + 0.011*"great" + 0.010*"movies" + 0.010*"character" + 0.008*"time"')
******************************






******************************

(2, '0.046*"vampire" + 0.023*"werewolf" + 0.023*"vampires" + 0.021*"english" + 0.015*"la" + 0.014*"subtitle" + 0.014*"godzilla" + 0.011*"frankenstein" + 0.011*"german" + 0.011*"american" + 0.010*"wolf" + 0.010*"spanish" + 0.009*"version" + 0.009*"dracula"')
******************************






******************************

(3, '0.009*"fun" + 0.009*"action" + 0.009*"creature" + 0.009*"go" + 0.008*"group" + 0.008*"alien" + 0.007*"come" + 0.007*"lot" + 0.007*"scenes" + 0.006*"monster" + 0.006*"attack" + 0.006*"feature" + 0.006*"enjoyable" + 0.006*"like"')
******************************






******************************

(4, '0.026*"house" + 0.015*"ghost" + 0.013*"family" + 0.011*"mother" + 0.010*"go" + 0.010*"haunt" + 0.009*"start" + 0.008*"home" + 0.008*"end" + 0.008*"girl" + 0.008*"happen" + 0.008*"story" + 0.008*"old" + 0.008*"come"')
******************************






******************************

(5, '0.035*"movie" + 0.021*"bad" + 0.018*"film" + 0.017*"like" + 0.015*"watch" + 0.015*"act" + 0.013*"time" + 0.008*"look" + 0.008*"people" + 0.007*"movies" + 0.007*"waste" + 0.007*"good" + 0.006*"know" + 0.006*"minutes"')
******************************






******************************

(6, '0.039*"film" + 0.028*"horror" + 0.007*"story" + 0.006*"director" + 0.006*"great" + 0.006*"cast" + 0.006*"genre" + 0.006*"set" + 0.005*"atmosphere" + 0.005*"performances" + 0.005*"effect" + 0.005*"cinematography" + 0.004*"music" + 0.004*"score"')
******************************






******************************

(7, '0.037*"film" + 0.011*"character" + 0.009*"like" + 0.007*"feel" + 0.006*"story" + 0.006*"time" + 0.006*"end" + 0.005*"way" + 0.005*"make" + 0.005*"people" + 0.005*"come" + 0.005*"think" + 0.004*"work" + 0.004*"point"')
******************************






******************************

(8, '0.020*"kill" + 0.015*"killer" + 0.010*"sex" + 0.009*"nudity" + 0.008*"girl" + 0.008*"get" + 0.008*"scene" + 0.008*"murder" + 0.007*"blood" + 0.007*"girls" + 0.007*"women" + 0.006*"body" + 0.006*"guy" + 0.005*"man"')
******************************






******************************

(9, '0.013*"play" + 0.007*"star" + 0.006*"michael" + 0.006*"role" + 0.006*"cast" + 0.006*"john" + 0.005*"direct" + 0.005*"director" + 0.005*"performance" + 0.004*"writer" + 0.004*"david" + 0.004*"jam" + 0.004*"work" + 0.004*"robert"')
******************************






******************************

(0, '0.068*"zombie" + 0.034*"dead" + 0.032*"zombies" + 0.023*"demon" + 0.020*"evil" + 0.019*"witch" + 0.015*"devil" + 0.010*"possession" + 0.009*"live" + 0.008*"exorcism" + 0.008*"possess" + 0.007*"priest" + 0.007*"demons" + 0.006*"world" + 0.006*"demonic"')
******************************






******************************

(1, '0.058*"movie" + 0.023*"good" + 0.021*"horror" + 0.021*"film" + 0.020*"watch" + 0.019*"like" + 0.013*"story" + 0.011*"end" + 0.011*"act" + 0.011*"think" + 0.011*"great" + 0.010*"movies" + 0.010*"character" + 0.008*"time" + 0.007*"enjoy"')
******************************






******************************

(2, '0.046*"vampire" + 0.023*"werewolf" + 0.023*"vampires" + 0.021*"english" + 0.015*"la" + 0.014*"subtitle" + 0.014*"godzilla" + 0.011*"frankenstein" + 0.011*"german" + 0.011*"american" + 0.010*"wolf" + 0.010*"spanish" + 0.009*"version" + 0.009*"dracula" + 0.008*"dub"')
******************************






******************************

(3, '0.009*"fun" + 0.009*"action" + 0.009*"creature" + 0.009*"go" + 0.008*"group" + 0.008*"alien" + 0.007*"come" + 0.007*"lot" + 0.007*"scenes" + 0.006*"monster" + 0.006*"attack" + 0.006*"feature" + 0.006*"enjoyable" + 0.006*"like" + 0.005*"graphic"')
******************************






******************************

(4, '0.026*"house" + 0.015*"ghost" + 0.013*"family" + 0.011*"mother" + 0.010*"go" + 0.010*"haunt" + 0.009*"start" + 0.008*"home" + 0.008*"end" + 0.008*"girl" + 0.008*"happen" + 0.008*"story" + 0.008*"old" + 0.008*"come" + 0.007*"father"')
******************************






******************************

(5, '0.035*"movie" + 0.021*"bad" + 0.018*"film" + 0.017*"like" + 0.015*"watch" + 0.015*"act" + 0.013*"time" + 0.008*"look" + 0.008*"people" + 0.007*"movies" + 0.007*"waste" + 0.007*"good" + 0.006*"know" + 0.006*"minutes" + 0.006*"think"')
******************************






******************************

(6, '0.039*"film" + 0.028*"horror" + 0.007*"story" + 0.006*"director" + 0.006*"great" + 0.006*"cast" + 0.006*"genre" + 0.006*"set" + 0.005*"atmosphere" + 0.005*"performances" + 0.005*"effect" + 0.005*"cinematography" + 0.004*"music" + 0.004*"score" + 0.004*"work"')
******************************






******************************

(7, '0.037*"film" + 0.011*"character" + 0.009*"like" + 0.007*"feel" + 0.006*"story" + 0.006*"time" + 0.006*"end" + 0.005*"way" + 0.005*"make" + 0.005*"people" + 0.005*"come" + 0.005*"think" + 0.004*"work" + 0.004*"point" + 0.004*"go"')
******************************






******************************

(8, '0.020*"kill" + 0.015*"killer" + 0.010*"sex" + 0.009*"nudity" + 0.008*"girl" + 0.008*"get" + 0.008*"scene" + 0.008*"murder" + 0.007*"blood" + 0.007*"girls" + 0.007*"women" + 0.006*"body" + 0.006*"guy" + 0.005*"man" + 0.005*"slasher"')
******************************






******************************

(9, '0.013*"play" + 0.007*"star" + 0.006*"michael" + 0.006*"role" + 0.006*"cast" + 0.006*"john" + 0.005*"direct" + 0.005*"director" + 0.005*"performance" + 0.004*"writer" + 0.004*"david" + 0.004*"jam" + 0.004*"work" + 0.004*"robert" + 0.004*"new"')
******************************






******************************

(0, '0.068*"zombie" + 0.034*"dead" + 0.032*"zombies" + 0.023*"demon" + 0.020*"evil" + 0.019*"witch" + 0.015*"devil" + 0.010*"possession" + 0.009*"live" + 0.008*"exorcism" + 0.008*"possess" + 0.007*"priest" + 0.007*"demons" + 0.006*"world" + 0.006*"demonic" + 0.006*"apocalypse"')
******************************






******************************

(1, '0.058*"movie" + 0.023*"good" + 0.021*"horror" + 0.021*"film" + 0.020*"watch" + 0.019*"like" + 0.013*"story" + 0.011*"end" + 0.011*"act" + 0.011*"think" + 0.011*"great" + 0.010*"movies" + 0.010*"character" + 0.008*"time" + 0.007*"enjoy" + 0.007*"lot"')
******************************






******************************

(2, '0.046*"vampire" + 0.023*"werewolf" + 0.023*"vampires" + 0.021*"english" + 0.015*"la" + 0.014*"subtitle" + 0.014*"godzilla" + 0.011*"frankenstein" + 0.011*"german" + 0.011*"american" + 0.010*"wolf" + 0.010*"spanish" + 0.009*"version" + 0.009*"dracula" + 0.008*"dub" + 0.008*"werewolves"')
******************************






******************************

(3, '0.009*"fun" + 0.009*"action" + 0.009*"creature" + 0.009*"go" + 0.008*"group" + 0.008*"alien" + 0.007*"come" + 0.007*"lot" + 0.007*"scenes" + 0.006*"monster" + 0.006*"attack" + 0.006*"feature" + 0.006*"enjoyable" + 0.006*"like" + 0.005*"graphic" + 0.005*"fi"')
******************************






******************************

(4, '0.026*"house" + 0.015*"ghost" + 0.013*"family" + 0.011*"mother" + 0.010*"go" + 0.010*"haunt" + 0.009*"start" + 0.008*"home" + 0.008*"end" + 0.008*"girl" + 0.008*"happen" + 0.008*"story" + 0.008*"old" + 0.008*"come" + 0.007*"father" + 0.007*"woman"')
******************************






******************************

(5, '0.035*"movie" + 0.021*"bad" + 0.018*"film" + 0.017*"like" + 0.015*"watch" + 0.015*"act" + 0.013*"time" + 0.008*"look" + 0.008*"people" + 0.007*"movies" + 0.007*"waste" + 0.007*"good" + 0.006*"know" + 0.006*"minutes" + 0.006*"think" + 0.006*"review"')
******************************






******************************

(6, '0.039*"film" + 0.028*"horror" + 0.007*"story" + 0.006*"director" + 0.006*"great" + 0.006*"cast" + 0.006*"genre" + 0.006*"set" + 0.005*"atmosphere" + 0.005*"performances" + 0.005*"effect" + 0.005*"cinematography" + 0.004*"music" + 0.004*"score" + 0.004*"work" + 0.004*"budget"')
******************************






******************************

(7, '0.037*"film" + 0.011*"character" + 0.009*"like" + 0.007*"feel" + 0.006*"story" + 0.006*"time" + 0.006*"end" + 0.005*"way" + 0.005*"make" + 0.005*"people" + 0.005*"come" + 0.005*"think" + 0.004*"work" + 0.004*"point" + 0.004*"go" + 0.004*"know"')
******************************






******************************

(8, '0.020*"kill" + 0.015*"killer" + 0.010*"sex" + 0.009*"nudity" + 0.008*"girl" + 0.008*"get" + 0.008*"scene" + 0.008*"murder" + 0.007*"blood" + 0.007*"girls" + 0.007*"women" + 0.006*"body" + 0.006*"guy" + 0.005*"man" + 0.005*"slasher" + 0.005*"woman"')
******************************






******************************

(9, '0.013*"play" + 0.007*"star" + 0.006*"michael" + 0.006*"role" + 0.006*"cast" + 0.006*"john" + 0.005*"direct" + 0.005*"director" + 0.005*"performance" + 0.004*"writer" + 0.004*"david" + 0.004*"jam" + 0.004*"work" + 0.004*"robert" + 0.004*"new" + 0.004*"sarah"')
******************************






******************************

(0, '0.068*"zombie" + 0.034*"dead" + 0.032*"zombies" + 0.023*"demon" + 0.020*"evil" + 0.019*"witch" + 0.015*"devil" + 0.010*"possession" + 0.009*"live" + 0.008*"exorcism" + 0.008*"possess" + 0.007*"priest" + 0.007*"demons" + 0.006*"world" + 0.006*"demonic" + 0.006*"apocalypse" + 0.006*"fight"')
******************************






******************************

(1, '0.058*"movie" + 0.023*"good" + 0.021*"horror" + 0.021*"film" + 0.020*"watch" + 0.019*"like" + 0.013*"story" + 0.011*"end" + 0.011*"act" + 0.011*"think" + 0.011*"great" + 0.010*"movies" + 0.010*"character" + 0.008*"time" + 0.007*"enjoy" + 0.007*"lot" + 0.007*"go"')
******************************






******************************

(2, '0.046*"vampire" + 0.023*"werewolf" + 0.023*"vampires" + 0.021*"english" + 0.015*"la" + 0.014*"subtitle" + 0.014*"godzilla" + 0.011*"frankenstein" + 0.011*"german" + 0.011*"american" + 0.010*"wolf" + 0.010*"spanish" + 0.009*"version" + 0.009*"dracula" + 0.008*"dub" + 0.008*"werewolves" + 0.007*"french"')
******************************






******************************

(3, '0.009*"fun" + 0.009*"action" + 0.009*"creature" + 0.009*"go" + 0.008*"group" + 0.008*"alien" + 0.007*"come" + 0.007*"lot" + 0.007*"scenes" + 0.006*"monster" + 0.006*"attack" + 0.006*"feature" + 0.006*"enjoyable" + 0.006*"like" + 0.005*"graphic" + 0.005*"fi" + 0.005*"time"')
******************************






******************************

(4, '0.026*"house" + 0.015*"ghost" + 0.013*"family" + 0.011*"mother" + 0.010*"go" + 0.010*"haunt" + 0.009*"start" + 0.008*"home" + 0.008*"end" + 0.008*"girl" + 0.008*"happen" + 0.008*"story" + 0.008*"old" + 0.008*"come" + 0.007*"father" + 0.007*"woman" + 0.007*"get"')
******************************






******************************

(5, '0.035*"movie" + 0.021*"bad" + 0.018*"film" + 0.017*"like" + 0.015*"watch" + 0.015*"act" + 0.013*"time" + 0.008*"look" + 0.008*"people" + 0.007*"movies" + 0.007*"waste" + 0.007*"good" + 0.006*"know" + 0.006*"minutes" + 0.006*"think" + 0.006*"review" + 0.006*"see"')
******************************






******************************

(6, '0.039*"film" + 0.028*"horror" + 0.007*"story" + 0.006*"director" + 0.006*"great" + 0.006*"cast" + 0.006*"genre" + 0.006*"set" + 0.005*"atmosphere" + 0.005*"performances" + 0.005*"effect" + 0.005*"cinematography" + 0.004*"music" + 0.004*"score" + 0.004*"work" + 0.004*"budget" + 0.004*"dark"')
******************************






******************************

(7, '0.037*"film" + 0.011*"character" + 0.009*"like" + 0.007*"feel" + 0.006*"story" + 0.006*"time" + 0.006*"end" + 0.005*"way" + 0.005*"make" + 0.005*"people" + 0.005*"come" + 0.005*"think" + 0.004*"work" + 0.004*"point" + 0.004*"go" + 0.004*"know" + 0.004*"life"')
******************************






******************************

(8, '0.020*"kill" + 0.015*"killer" + 0.010*"sex" + 0.009*"nudity" + 0.008*"girl" + 0.008*"get" + 0.008*"scene" + 0.008*"murder" + 0.007*"blood" + 0.007*"girls" + 0.007*"women" + 0.006*"body" + 0.006*"guy" + 0.005*"man" + 0.005*"slasher" + 0.005*"woman" + 0.005*"gore"')
******************************






******************************

(9, '0.013*"play" + 0.007*"star" + 0.006*"michael" + 0.006*"role" + 0.006*"cast" + 0.006*"john" + 0.005*"direct" + 0.005*"director" + 0.005*"performance" + 0.004*"writer" + 0.004*"david" + 0.004*"jam" + 0.004*"work" + 0.004*"robert" + 0.004*"new" + 0.004*"sarah" + 0.004*"jack"')
******************************






******************************

(0, '0.068*"zombie" + 0.034*"dead" + 0.032*"zombies" + 0.023*"demon" + 0.020*"evil" + 0.019*"witch" + 0.015*"devil" + 0.010*"possession" + 0.009*"live" + 0.008*"exorcism" + 0.008*"possess" + 0.007*"priest" + 0.007*"demons" + 0.006*"world" + 0.006*"demonic" + 0.006*"apocalypse" + 0.006*"fight" + 0.005*"exorcist"')
******************************






******************************

(1, '0.058*"movie" + 0.023*"good" + 0.021*"horror" + 0.021*"film" + 0.020*"watch" + 0.019*"like" + 0.013*"story" + 0.011*"end" + 0.011*"act" + 0.011*"think" + 0.011*"great" + 0.010*"movies" + 0.010*"character" + 0.008*"time" + 0.007*"enjoy" + 0.007*"lot" + 0.007*"go" + 0.006*"better"')
******************************






******************************

(2, '0.046*"vampire" + 0.023*"werewolf" + 0.023*"vampires" + 0.021*"english" + 0.015*"la" + 0.014*"subtitle" + 0.014*"godzilla" + 0.011*"frankenstein" + 0.011*"german" + 0.011*"american" + 0.010*"wolf" + 0.010*"spanish" + 0.009*"version" + 0.009*"dracula" + 0.008*"dub" + 0.008*"werewolves" + 0.007*"french" + 0.007*"blood"')
******************************






******************************

(3, '0.009*"fun" + 0.009*"action" + 0.009*"creature" + 0.009*"go" + 0.008*"group" + 0.008*"alien" + 0.007*"come" + 0.007*"lot" + 0.007*"scenes" + 0.006*"monster" + 0.006*"attack" + 0.006*"feature" + 0.006*"enjoyable" + 0.006*"like" + 0.005*"graphic" + 0.005*"fi" + 0.005*"time" + 0.005*"sci"')
******************************






******************************

(4, '0.026*"house" + 0.015*"ghost" + 0.013*"family" + 0.011*"mother" + 0.010*"go" + 0.010*"haunt" + 0.009*"start" + 0.008*"home" + 0.008*"end" + 0.008*"girl" + 0.008*"happen" + 0.008*"story" + 0.008*"old" + 0.008*"come" + 0.007*"father" + 0.007*"woman" + 0.007*"get" + 0.007*"daughter"')
******************************






******************************

(5, '0.035*"movie" + 0.021*"bad" + 0.018*"film" + 0.017*"like" + 0.015*"watch" + 0.015*"act" + 0.013*"time" + 0.008*"look" + 0.008*"people" + 0.007*"movies" + 0.007*"waste" + 0.007*"good" + 0.006*"know" + 0.006*"minutes" + 0.006*"think" + 0.006*"review" + 0.006*"see" + 0.006*"ve"')
******************************






******************************

(6, '0.039*"film" + 0.028*"horror" + 0.007*"story" + 0.006*"director" + 0.006*"great" + 0.006*"cast" + 0.006*"genre" + 0.006*"set" + 0.005*"atmosphere" + 0.005*"performances" + 0.005*"effect" + 0.005*"cinematography" + 0.004*"music" + 0.004*"score" + 0.004*"work" + 0.004*"budget" + 0.004*"dark" + 0.004*"act"')
******************************






******************************

(7, '0.037*"film" + 0.011*"character" + 0.009*"like" + 0.007*"feel" + 0.006*"story" + 0.006*"time" + 0.006*"end" + 0.005*"way" + 0.005*"make" + 0.005*"people" + 0.005*"come" + 0.005*"think" + 0.004*"work" + 0.004*"point" + 0.004*"go" + 0.004*"know" + 0.004*"life" + 0.004*"real"')
******************************






******************************

(8, '0.020*"kill" + 0.015*"killer" + 0.010*"sex" + 0.009*"nudity" + 0.008*"girl" + 0.008*"get" + 0.008*"scene" + 0.008*"murder" + 0.007*"blood" + 0.007*"girls" + 0.007*"women" + 0.006*"body" + 0.006*"guy" + 0.005*"man" + 0.005*"slasher" + 0.005*"woman" + 0.005*"gore" + 0.005*"head"')
******************************






******************************

(9, '0.013*"play" + 0.007*"star" + 0.006*"michael" + 0.006*"role" + 0.006*"cast" + 0.006*"john" + 0.005*"direct" + 0.005*"director" + 0.005*"performance" + 0.004*"writer" + 0.004*"david" + 0.004*"jam" + 0.004*"work" + 0.004*"robert" + 0.004*"new" + 0.004*"sarah" + 0.004*"jack" + 0.003*"jason"')
******************************






******************************

(0, '0.068*"zombie" + 0.034*"dead" + 0.032*"zombies" + 0.023*"demon" + 0.020*"evil" + 0.019*"witch" + 0.015*"devil" + 0.010*"possession" + 0.009*"live" + 0.008*"exorcism" + 0.008*"possess" + 0.007*"priest" + 0.007*"demons" + 0.006*"world" + 0.006*"demonic" + 0.006*"apocalypse" + 0.006*"fight" + 0.005*"exorcist" + 0.005*"war"')
******************************






******************************

(1, '0.058*"movie" + 0.023*"good" + 0.021*"horror" + 0.021*"film" + 0.020*"watch" + 0.019*"like" + 0.013*"story" + 0.011*"end" + 0.011*"act" + 0.011*"think" + 0.011*"great" + 0.010*"movies" + 0.010*"character" + 0.008*"time" + 0.007*"enjoy" + 0.007*"lot" + 0.007*"go" + 0.006*"better" + 0.006*"love"')
******************************






******************************

(2, '0.046*"vampire" + 0.023*"werewolf" + 0.023*"vampires" + 0.021*"english" + 0.015*"la" + 0.014*"subtitle" + 0.014*"godzilla" + 0.011*"frankenstein" + 0.011*"german" + 0.011*"american" + 0.010*"wolf" + 0.010*"spanish" + 0.009*"version" + 0.009*"dracula" + 0.008*"dub" + 0.008*"werewolves" + 0.007*"french" + 0.007*"blood" + 0.006*"language"')
******************************






******************************

(3, '0.009*"fun" + 0.009*"action" + 0.009*"creature" + 0.009*"go" + 0.008*"group" + 0.008*"alien" + 0.007*"come" + 0.007*"lot" + 0.007*"scenes" + 0.006*"monster" + 0.006*"attack" + 0.006*"feature" + 0.006*"enjoyable" + 0.006*"like" + 0.005*"graphic" + 0.005*"fi" + 0.005*"time" + 0.005*"sci" + 0.005*"try"')
******************************






******************************

(4, '0.026*"house" + 0.015*"ghost" + 0.013*"family" + 0.011*"mother" + 0.010*"go" + 0.010*"haunt" + 0.009*"start" + 0.008*"home" + 0.008*"end" + 0.008*"girl" + 0.008*"happen" + 0.008*"story" + 0.008*"old" + 0.008*"come" + 0.007*"father" + 0.007*"woman" + 0.007*"get" + 0.007*"daughter" + 0.007*"horror"')
******************************






******************************

(5, '0.035*"movie" + 0.021*"bad" + 0.018*"film" + 0.017*"like" + 0.015*"watch" + 0.015*"act" + 0.013*"time" + 0.008*"look" + 0.008*"people" + 0.007*"movies" + 0.007*"waste" + 0.007*"good" + 0.006*"know" + 0.006*"minutes" + 0.006*"think" + 0.006*"review" + 0.006*"see" + 0.006*"ve" + 0.006*"terrible"')
******************************






******************************

(6, '0.039*"film" + 0.028*"horror" + 0.007*"story" + 0.006*"director" + 0.006*"great" + 0.006*"cast" + 0.006*"genre" + 0.006*"set" + 0.005*"atmosphere" + 0.005*"performances" + 0.005*"effect" + 0.005*"cinematography" + 0.004*"music" + 0.004*"score" + 0.004*"work" + 0.004*"budget" + 0.004*"dark" + 0.004*"act" + 0.004*"best"')
******************************






******************************

(7, '0.037*"film" + 0.011*"character" + 0.009*"like" + 0.007*"feel" + 0.006*"story" + 0.006*"time" + 0.006*"end" + 0.005*"way" + 0.005*"make" + 0.005*"people" + 0.005*"come" + 0.005*"think" + 0.004*"work" + 0.004*"point" + 0.004*"go" + 0.004*"know" + 0.004*"life" + 0.004*"real" + 0.004*"leave"')
******************************






******************************

(8, '0.020*"kill" + 0.015*"killer" + 0.010*"sex" + 0.009*"nudity" + 0.008*"girl" + 0.008*"get" + 0.008*"scene" + 0.008*"murder" + 0.007*"blood" + 0.007*"girls" + 0.007*"women" + 0.006*"body" + 0.006*"guy" + 0.005*"man" + 0.005*"slasher" + 0.005*"woman" + 0.005*"gore" + 0.005*"head" + 0.004*"revenge"')
******************************






******************************

(9, '0.013*"play" + 0.007*"star" + 0.006*"michael" + 0.006*"role" + 0.006*"cast" + 0.006*"john" + 0.005*"direct" + 0.005*"director" + 0.005*"performance" + 0.004*"writer" + 0.004*"david" + 0.004*"jam" + 0.004*"work" + 0.004*"robert" + 0.004*"new" + 0.004*"sarah" + 0.004*"jack" + 0.003*"jason" + 0.003*"dr"')
******************************






