nohup: ignoring input
[nltk_data] Downloading package wordnet to /root/nltk_data...
[nltk_data]   Package wordnet is already up-to-date!
The Numner of words used are 1
******************************

(0, '0.055*"film" + 0.010*"like" + 0.006*"people" + 0.006*"camera" + 0.006*"time" + 0.006*"footage" + 0.006*"look" + 0.006*"sound" + 0.006*"scene" + 0.005*"make"')
******************************






******************************

(1, '0.012*"like" + 0.011*"go" + 0.011*"end" + 0.011*"kill" + 0.011*"movie" + 0.010*"house" + 0.010*"get" + 0.008*"know" + 0.008*"girl" + 0.007*"start"')
******************************






******************************

(2, '0.009*"play" + 0.005*"man" + 0.005*"star" + 0.004*"work" + 0.004*"michael" + 0.004*"direct" + 0.004*"movie" + 0.004*"wife" + 0.004*"jack" + 0.004*"home"')
******************************






******************************

(3, '0.032*"zombie" + 0.016*"zombies" + 0.011*"creature" + 0.011*"monster" + 0.010*"dead" + 0.008*"attack" + 0.008*"action" + 0.007*"shark" + 0.007*"fight" + 0.007*"look"')
******************************






******************************

(4, '0.027*"sex" + 0.027*"nudity" + 0.019*"gore" + 0.018*"women" + 0.018*"blood" + 0.015*"film" + 0.012*"guide" + 0.012*"killer" + 0.012*"kill" + 0.011*"girls"')
******************************






******************************

(5, '0.023*"film" + 0.021*"horror" + 0.020*"comedy" + 0.013*"vampire" + 0.009*"fun" + 0.008*"original" + 0.008*"fan" + 0.008*"dead" + 0.008*"play" + 0.007*"movies"')
******************************






******************************

(6, '0.022*"demon" + 0.019*"evil" + 0.018*"devil" + 0.015*"baby" + 0.014*"possess" + 0.011*"possession" + 0.011*"witch" + 0.010*"mother" + 0.009*"demons" + 0.009*"curse"')
******************************






******************************

(7, '0.073*"movie" + 0.025*"watch" + 0.021*"bad" + 0.019*"like" + 0.019*"act" + 0.016*"good" + 0.014*"time" + 0.013*"horror" + 0.012*"movies" + 0.009*"think"')
******************************






******************************

(8, '0.104*"alien" + 0.054*"fi" + 0.052*"sci" + 0.051*"space" + 0.029*"earth" + 0.027*"science" + 0.024*"invasion" + 0.024*"fiction" + 0.015*"ship" + 0.015*"planet"')
******************************






******************************

(9, '0.032*"film" + 0.015*"horror" + 0.014*"character" + 0.013*"story" + 0.009*"good" + 0.008*"feel" + 0.007*"end" + 0.006*"like" + 0.006*"little" + 0.006*"interest"')
******************************






The Numner of words used are 2
******************************

(0, '0.055*"film" + 0.010*"like" + 0.006*"people" + 0.006*"camera" + 0.006*"time" + 0.006*"footage" + 0.006*"look" + 0.006*"sound" + 0.006*"scene" + 0.005*"make" + 0.005*"act"')
******************************






******************************

(1, '0.012*"like" + 0.011*"go" + 0.011*"end" + 0.011*"kill" + 0.011*"movie" + 0.010*"house" + 0.010*"get" + 0.008*"know" + 0.008*"girl" + 0.007*"start" + 0.007*"people"')
******************************






******************************

(2, '0.009*"play" + 0.005*"man" + 0.005*"star" + 0.004*"work" + 0.004*"michael" + 0.004*"direct" + 0.004*"movie" + 0.004*"wife" + 0.004*"jack" + 0.004*"home" + 0.004*"name"')
******************************






******************************

(3, '0.032*"zombie" + 0.016*"zombies" + 0.011*"creature" + 0.011*"monster" + 0.010*"dead" + 0.008*"attack" + 0.008*"action" + 0.007*"shark" + 0.007*"fight" + 0.007*"look" + 0.006*"effect"')
******************************






******************************

(4, '0.027*"sex" + 0.027*"nudity" + 0.019*"gore" + 0.018*"women" + 0.018*"blood" + 0.015*"film" + 0.012*"guide" + 0.012*"killer" + 0.012*"kill" + 0.011*"girls" + 0.010*"scene"')
******************************






******************************

(5, '0.023*"film" + 0.021*"horror" + 0.020*"comedy" + 0.013*"vampire" + 0.009*"fun" + 0.008*"original" + 0.008*"fan" + 0.008*"dead" + 0.008*"play" + 0.007*"movies" + 0.007*"cast"')
******************************






******************************

(6, '0.022*"demon" + 0.019*"evil" + 0.018*"devil" + 0.015*"baby" + 0.014*"possess" + 0.011*"possession" + 0.011*"witch" + 0.010*"mother" + 0.009*"demons" + 0.009*"curse" + 0.009*"book"')
******************************






******************************

(7, '0.073*"movie" + 0.025*"watch" + 0.021*"bad" + 0.019*"like" + 0.019*"act" + 0.016*"good" + 0.014*"time" + 0.013*"horror" + 0.012*"movies" + 0.009*"think" + 0.008*"story"')
******************************






******************************

(8, '0.104*"alien" + 0.054*"fi" + 0.052*"sci" + 0.051*"space" + 0.029*"earth" + 0.027*"science" + 0.024*"invasion" + 0.024*"fiction" + 0.015*"ship" + 0.015*"planet" + 0.007*"outer"')
******************************






******************************

(9, '0.032*"film" + 0.015*"horror" + 0.014*"character" + 0.013*"story" + 0.009*"good" + 0.008*"feel" + 0.007*"end" + 0.006*"like" + 0.006*"little" + 0.006*"interest" + 0.005*"plot"')
******************************






The Numner of words used are 3
******************************

(0, '0.055*"film" + 0.010*"like" + 0.006*"people" + 0.006*"camera" + 0.006*"time" + 0.006*"footage" + 0.006*"look" + 0.006*"sound" + 0.006*"scene" + 0.005*"make" + 0.005*"act" + 0.005*"write"')
******************************






******************************

(1, '0.012*"like" + 0.011*"go" + 0.011*"end" + 0.011*"kill" + 0.011*"movie" + 0.010*"house" + 0.010*"get" + 0.008*"know" + 0.008*"girl" + 0.007*"start" + 0.007*"people" + 0.007*"happen"')
******************************






******************************

(2, '0.009*"play" + 0.005*"man" + 0.005*"star" + 0.004*"work" + 0.004*"michael" + 0.004*"direct" + 0.004*"movie" + 0.004*"wife" + 0.004*"jack" + 0.004*"home" + 0.004*"name" + 0.003*"director"')
******************************






******************************

(3, '0.032*"zombie" + 0.016*"zombies" + 0.011*"creature" + 0.011*"monster" + 0.010*"dead" + 0.008*"attack" + 0.008*"action" + 0.007*"shark" + 0.007*"fight" + 0.007*"look" + 0.006*"effect" + 0.006*"like"')
******************************






******************************

(4, '0.027*"sex" + 0.027*"nudity" + 0.019*"gore" + 0.018*"women" + 0.018*"blood" + 0.015*"film" + 0.012*"guide" + 0.012*"killer" + 0.012*"kill" + 0.011*"girls" + 0.010*"scene" + 0.010*"scenes"')
******************************






******************************

(5, '0.023*"film" + 0.021*"horror" + 0.020*"comedy" + 0.013*"vampire" + 0.009*"fun" + 0.008*"original" + 0.008*"fan" + 0.008*"dead" + 0.008*"play" + 0.007*"movies" + 0.007*"cast" + 0.006*"werewolf"')
******************************






******************************

(6, '0.022*"demon" + 0.019*"evil" + 0.018*"devil" + 0.015*"baby" + 0.014*"possess" + 0.011*"possession" + 0.011*"witch" + 0.010*"mother" + 0.009*"demons" + 0.009*"curse" + 0.009*"book" + 0.008*"spirit"')
******************************






******************************

(7, '0.073*"movie" + 0.025*"watch" + 0.021*"bad" + 0.019*"like" + 0.019*"act" + 0.016*"good" + 0.014*"time" + 0.013*"horror" + 0.012*"movies" + 0.009*"think" + 0.008*"story" + 0.008*"end"')
******************************






******************************

(8, '0.104*"alien" + 0.054*"fi" + 0.052*"sci" + 0.051*"space" + 0.029*"earth" + 0.027*"science" + 0.024*"invasion" + 0.024*"fiction" + 0.015*"ship" + 0.015*"planet" + 0.007*"outer" + 0.007*"robot"')
******************************






******************************

(9, '0.032*"film" + 0.015*"horror" + 0.014*"character" + 0.013*"story" + 0.009*"good" + 0.008*"feel" + 0.007*"end" + 0.006*"like" + 0.006*"little" + 0.006*"interest" + 0.005*"plot" + 0.005*"go"')
******************************






The Numner of words used are 4
******************************

(0, '0.055*"film" + 0.010*"like" + 0.006*"people" + 0.006*"camera" + 0.006*"time" + 0.006*"footage" + 0.006*"look" + 0.006*"sound" + 0.006*"scene" + 0.005*"make" + 0.005*"act" + 0.005*"write" + 0.005*"shoot"')
******************************






******************************

(1, '0.012*"like" + 0.011*"go" + 0.011*"end" + 0.011*"kill" + 0.011*"movie" + 0.010*"house" + 0.010*"get" + 0.008*"know" + 0.008*"girl" + 0.007*"start" + 0.007*"people" + 0.007*"happen" + 0.006*"come"')
******************************






******************************

(2, '0.009*"play" + 0.005*"man" + 0.005*"star" + 0.004*"work" + 0.004*"michael" + 0.004*"direct" + 0.004*"movie" + 0.004*"wife" + 0.004*"jack" + 0.004*"home" + 0.004*"name" + 0.003*"director" + 0.003*"john"')
******************************






******************************

(3, '0.032*"zombie" + 0.016*"zombies" + 0.011*"creature" + 0.011*"monster" + 0.010*"dead" + 0.008*"attack" + 0.008*"action" + 0.007*"shark" + 0.007*"fight" + 0.007*"look" + 0.006*"effect" + 0.006*"like" + 0.005*"group"')
******************************






******************************

(4, '0.027*"sex" + 0.027*"nudity" + 0.019*"gore" + 0.018*"women" + 0.018*"blood" + 0.015*"film" + 0.012*"guide" + 0.012*"killer" + 0.012*"kill" + 0.011*"girls" + 0.010*"scene" + 0.010*"scenes" + 0.009*"torture"')
******************************






******************************

(5, '0.023*"film" + 0.021*"horror" + 0.020*"comedy" + 0.013*"vampire" + 0.009*"fun" + 0.008*"original" + 0.008*"fan" + 0.008*"dead" + 0.008*"play" + 0.007*"movies" + 0.007*"cast" + 0.006*"werewolf" + 0.006*"funny"')
******************************






******************************

(6, '0.022*"demon" + 0.019*"evil" + 0.018*"devil" + 0.015*"baby" + 0.014*"possess" + 0.011*"possession" + 0.011*"witch" + 0.010*"mother" + 0.009*"demons" + 0.009*"curse" + 0.009*"book" + 0.008*"spirit" + 0.008*"demonic"')
******************************






******************************

(7, '0.073*"movie" + 0.025*"watch" + 0.021*"bad" + 0.019*"like" + 0.019*"act" + 0.016*"good" + 0.014*"time" + 0.013*"horror" + 0.012*"movies" + 0.009*"think" + 0.008*"story" + 0.008*"end" + 0.007*"better"')
******************************






******************************

(8, '0.104*"alien" + 0.054*"fi" + 0.052*"sci" + 0.051*"space" + 0.029*"earth" + 0.027*"science" + 0.024*"invasion" + 0.024*"fiction" + 0.015*"ship" + 0.015*"planet" + 0.007*"outer" + 0.007*"robot" + 0.007*"aussie"')
******************************






******************************

(9, '0.032*"film" + 0.015*"horror" + 0.014*"character" + 0.013*"story" + 0.009*"good" + 0.008*"feel" + 0.007*"end" + 0.006*"like" + 0.006*"little" + 0.006*"interest" + 0.005*"plot" + 0.005*"go" + 0.005*"work"')
******************************






The Numner of words used are 5
******************************

(0, '0.055*"film" + 0.010*"like" + 0.006*"people" + 0.006*"camera" + 0.006*"time" + 0.006*"footage" + 0.006*"look" + 0.006*"sound" + 0.006*"scene" + 0.005*"make" + 0.005*"act" + 0.005*"write" + 0.005*"shoot" + 0.005*"bad"')
******************************






******************************

(1, '0.012*"like" + 0.011*"go" + 0.011*"end" + 0.011*"kill" + 0.011*"movie" + 0.010*"house" + 0.010*"get" + 0.008*"know" + 0.008*"girl" + 0.007*"start" + 0.007*"people" + 0.007*"happen" + 0.006*"come" + 0.006*"guy"')
******************************






******************************

(2, '0.009*"play" + 0.005*"man" + 0.005*"star" + 0.004*"work" + 0.004*"michael" + 0.004*"direct" + 0.004*"movie" + 0.004*"wife" + 0.004*"jack" + 0.004*"home" + 0.004*"name" + 0.003*"director" + 0.003*"john" + 0.003*"new"')
******************************






******************************

(3, '0.032*"zombie" + 0.016*"zombies" + 0.011*"creature" + 0.011*"monster" + 0.010*"dead" + 0.008*"attack" + 0.008*"action" + 0.007*"shark" + 0.007*"fight" + 0.007*"look" + 0.006*"effect" + 0.006*"like" + 0.005*"group" + 0.005*"human"')
******************************






******************************

(4, '0.027*"sex" + 0.027*"nudity" + 0.019*"gore" + 0.018*"women" + 0.018*"blood" + 0.015*"film" + 0.012*"guide" + 0.012*"killer" + 0.012*"kill" + 0.011*"girls" + 0.010*"scene" + 0.010*"scenes" + 0.009*"torture" + 0.008*"word"')
******************************






******************************

(5, '0.023*"film" + 0.021*"horror" + 0.020*"comedy" + 0.013*"vampire" + 0.009*"fun" + 0.008*"original" + 0.008*"fan" + 0.008*"dead" + 0.008*"play" + 0.007*"movies" + 0.007*"cast" + 0.006*"werewolf" + 0.006*"funny" + 0.006*"great"')
******************************






******************************

(6, '0.022*"demon" + 0.019*"evil" + 0.018*"devil" + 0.015*"baby" + 0.014*"possess" + 0.011*"possession" + 0.011*"witch" + 0.010*"mother" + 0.009*"demons" + 0.009*"curse" + 0.009*"book" + 0.008*"spirit" + 0.008*"demonic" + 0.008*"father"')
******************************






******************************

(7, '0.073*"movie" + 0.025*"watch" + 0.021*"bad" + 0.019*"like" + 0.019*"act" + 0.016*"good" + 0.014*"time" + 0.013*"horror" + 0.012*"movies" + 0.009*"think" + 0.008*"story" + 0.008*"end" + 0.007*"better" + 0.007*"see"')
******************************






******************************

(8, '0.104*"alien" + 0.054*"fi" + 0.052*"sci" + 0.051*"space" + 0.029*"earth" + 0.027*"science" + 0.024*"invasion" + 0.024*"fiction" + 0.015*"ship" + 0.015*"planet" + 0.007*"outer" + 0.007*"robot" + 0.007*"aussie" + 0.005*"facebook"')
******************************






******************************

(9, '0.032*"film" + 0.015*"horror" + 0.014*"character" + 0.013*"story" + 0.009*"good" + 0.008*"feel" + 0.007*"end" + 0.006*"like" + 0.006*"little" + 0.006*"interest" + 0.005*"plot" + 0.005*"go" + 0.005*"work" + 0.005*"lot"')
******************************






The Numner of words used are 6
******************************

(0, '0.055*"film" + 0.010*"like" + 0.006*"people" + 0.006*"camera" + 0.006*"time" + 0.006*"footage" + 0.006*"look" + 0.006*"sound" + 0.006*"scene" + 0.005*"make" + 0.005*"act" + 0.005*"write" + 0.005*"shoot" + 0.005*"bad" + 0.005*"watch"')
******************************






******************************

(1, '0.012*"like" + 0.011*"go" + 0.011*"end" + 0.011*"kill" + 0.011*"movie" + 0.010*"house" + 0.010*"get" + 0.008*"know" + 0.008*"girl" + 0.007*"start" + 0.007*"people" + 0.007*"happen" + 0.006*"come" + 0.006*"guy" + 0.006*"character"')
******************************






******************************

(2, '0.009*"play" + 0.005*"man" + 0.005*"star" + 0.004*"work" + 0.004*"michael" + 0.004*"direct" + 0.004*"movie" + 0.004*"wife" + 0.004*"jack" + 0.004*"home" + 0.004*"name" + 0.003*"director" + 0.003*"john" + 0.003*"new" + 0.003*"life"')
******************************






******************************

(3, '0.032*"zombie" + 0.016*"zombies" + 0.011*"creature" + 0.011*"monster" + 0.010*"dead" + 0.008*"attack" + 0.008*"action" + 0.007*"shark" + 0.007*"fight" + 0.007*"look" + 0.006*"effect" + 0.006*"like" + 0.005*"group" + 0.005*"human" + 0.005*"kill"')
******************************






******************************

(4, '0.027*"sex" + 0.027*"nudity" + 0.019*"gore" + 0.018*"women" + 0.018*"blood" + 0.015*"film" + 0.012*"guide" + 0.012*"killer" + 0.012*"kill" + 0.011*"girls" + 0.010*"scene" + 0.010*"scenes" + 0.009*"torture" + 0.008*"word" + 0.008*"slasher"')
******************************






******************************

(5, '0.023*"film" + 0.021*"horror" + 0.020*"comedy" + 0.013*"vampire" + 0.009*"fun" + 0.008*"original" + 0.008*"fan" + 0.008*"dead" + 0.008*"play" + 0.007*"movies" + 0.007*"cast" + 0.006*"werewolf" + 0.006*"funny" + 0.006*"great" + 0.006*"classic"')
******************************






******************************

(6, '0.022*"demon" + 0.019*"evil" + 0.018*"devil" + 0.015*"baby" + 0.014*"possess" + 0.011*"possession" + 0.011*"witch" + 0.010*"mother" + 0.009*"demons" + 0.009*"curse" + 0.009*"book" + 0.008*"spirit" + 0.008*"demonic" + 0.008*"father" + 0.008*"child"')
******************************






******************************

(7, '0.073*"movie" + 0.025*"watch" + 0.021*"bad" + 0.019*"like" + 0.019*"act" + 0.016*"good" + 0.014*"time" + 0.013*"horror" + 0.012*"movies" + 0.009*"think" + 0.008*"story" + 0.008*"end" + 0.007*"better" + 0.007*"see" + 0.007*"waste"')
******************************






******************************

(8, '0.104*"alien" + 0.054*"fi" + 0.052*"sci" + 0.051*"space" + 0.029*"earth" + 0.027*"science" + 0.024*"invasion" + 0.024*"fiction" + 0.015*"ship" + 0.015*"planet" + 0.007*"outer" + 0.007*"robot" + 0.007*"aussie" + 0.005*"facebook" + 0.005*"spaceship"')
******************************






******************************

(9, '0.032*"film" + 0.015*"horror" + 0.014*"character" + 0.013*"story" + 0.009*"good" + 0.008*"feel" + 0.007*"end" + 0.006*"like" + 0.006*"little" + 0.006*"interest" + 0.005*"plot" + 0.005*"go" + 0.005*"work" + 0.005*"lot" + 0.005*"time"')
******************************






The Numner of words used are 7
******************************

(0, '0.055*"film" + 0.010*"like" + 0.006*"people" + 0.006*"camera" + 0.006*"time" + 0.006*"footage" + 0.006*"look" + 0.006*"sound" + 0.006*"scene" + 0.005*"make" + 0.005*"act" + 0.005*"write" + 0.005*"shoot" + 0.005*"bad" + 0.005*"watch" + 0.004*"minutes"')
******************************






******************************

(1, '0.012*"like" + 0.011*"go" + 0.011*"end" + 0.011*"kill" + 0.011*"movie" + 0.010*"house" + 0.010*"get" + 0.008*"know" + 0.008*"girl" + 0.007*"start" + 0.007*"people" + 0.007*"happen" + 0.006*"come" + 0.006*"guy" + 0.006*"character" + 0.006*"time"')
******************************






******************************

(2, '0.009*"play" + 0.005*"man" + 0.005*"star" + 0.004*"work" + 0.004*"michael" + 0.004*"direct" + 0.004*"movie" + 0.004*"wife" + 0.004*"jack" + 0.004*"home" + 0.004*"name" + 0.003*"director" + 0.003*"john" + 0.003*"new" + 0.003*"life" + 0.003*"young"')
******************************






******************************

(3, '0.032*"zombie" + 0.016*"zombies" + 0.011*"creature" + 0.011*"monster" + 0.010*"dead" + 0.008*"attack" + 0.008*"action" + 0.007*"shark" + 0.007*"fight" + 0.007*"look" + 0.006*"effect" + 0.006*"like" + 0.005*"group" + 0.005*"human" + 0.005*"kill" + 0.005*"creatures"')
******************************






******************************

(4, '0.027*"sex" + 0.027*"nudity" + 0.019*"gore" + 0.018*"women" + 0.018*"blood" + 0.015*"film" + 0.012*"guide" + 0.012*"killer" + 0.012*"kill" + 0.011*"girls" + 0.010*"scene" + 0.010*"scenes" + 0.009*"torture" + 0.008*"word" + 0.008*"slasher" + 0.007*"violence"')
******************************






******************************

(5, '0.023*"film" + 0.021*"horror" + 0.020*"comedy" + 0.013*"vampire" + 0.009*"fun" + 0.008*"original" + 0.008*"fan" + 0.008*"dead" + 0.008*"play" + 0.007*"movies" + 0.007*"cast" + 0.006*"werewolf" + 0.006*"funny" + 0.006*"great" + 0.006*"classic" + 0.006*"series"')
******************************






******************************

(6, '0.022*"demon" + 0.019*"evil" + 0.018*"devil" + 0.015*"baby" + 0.014*"possess" + 0.011*"possession" + 0.011*"witch" + 0.010*"mother" + 0.009*"demons" + 0.009*"curse" + 0.009*"book" + 0.008*"spirit" + 0.008*"demonic" + 0.008*"father" + 0.008*"child" + 0.007*"children"')
******************************






******************************

(7, '0.073*"movie" + 0.025*"watch" + 0.021*"bad" + 0.019*"like" + 0.019*"act" + 0.016*"good" + 0.014*"time" + 0.013*"horror" + 0.012*"movies" + 0.009*"think" + 0.008*"story" + 0.008*"end" + 0.007*"better" + 0.007*"see" + 0.007*"waste" + 0.007*"character"')
******************************






******************************

(8, '0.104*"alien" + 0.054*"fi" + 0.052*"sci" + 0.051*"space" + 0.029*"earth" + 0.027*"science" + 0.024*"invasion" + 0.024*"fiction" + 0.015*"ship" + 0.015*"planet" + 0.007*"outer" + 0.007*"robot" + 0.007*"aussie" + 0.005*"facebook" + 0.005*"spaceship" + 0.005*"pod"')
******************************






******************************

(9, '0.032*"film" + 0.015*"horror" + 0.014*"character" + 0.013*"story" + 0.009*"good" + 0.008*"feel" + 0.007*"end" + 0.006*"like" + 0.006*"little" + 0.006*"interest" + 0.005*"plot" + 0.005*"go" + 0.005*"work" + 0.005*"lot" + 0.005*"time" + 0.004*"come"')
******************************






The Numner of words used are 8
******************************

(0, '0.055*"film" + 0.010*"like" + 0.006*"people" + 0.006*"camera" + 0.006*"time" + 0.006*"footage" + 0.006*"look" + 0.006*"sound" + 0.006*"scene" + 0.005*"make" + 0.005*"act" + 0.005*"write" + 0.005*"shoot" + 0.005*"bad" + 0.005*"watch" + 0.004*"minutes" + 0.004*"know"')
******************************






******************************

(1, '0.012*"like" + 0.011*"go" + 0.011*"end" + 0.011*"kill" + 0.011*"movie" + 0.010*"house" + 0.010*"get" + 0.008*"know" + 0.008*"girl" + 0.007*"start" + 0.007*"people" + 0.007*"happen" + 0.006*"come" + 0.006*"guy" + 0.006*"character" + 0.006*"time" + 0.005*"try"')
******************************






******************************

(2, '0.009*"play" + 0.005*"man" + 0.005*"star" + 0.004*"work" + 0.004*"michael" + 0.004*"direct" + 0.004*"movie" + 0.004*"wife" + 0.004*"jack" + 0.004*"home" + 0.004*"name" + 0.003*"director" + 0.003*"john" + 0.003*"new" + 0.003*"life" + 0.003*"young" + 0.003*"murder"')
******************************






******************************

(3, '0.032*"zombie" + 0.016*"zombies" + 0.011*"creature" + 0.011*"monster" + 0.010*"dead" + 0.008*"attack" + 0.008*"action" + 0.007*"shark" + 0.007*"fight" + 0.007*"look" + 0.006*"effect" + 0.006*"like" + 0.005*"group" + 0.005*"human" + 0.005*"kill" + 0.005*"creatures" + 0.005*"world"')
******************************






******************************

(4, '0.027*"sex" + 0.027*"nudity" + 0.019*"gore" + 0.018*"women" + 0.018*"blood" + 0.015*"film" + 0.012*"guide" + 0.012*"killer" + 0.012*"kill" + 0.011*"girls" + 0.010*"scene" + 0.010*"scenes" + 0.009*"torture" + 0.008*"word" + 0.008*"slasher" + 0.007*"violence" + 0.006*"female"')
******************************






******************************

(5, '0.023*"film" + 0.021*"horror" + 0.020*"comedy" + 0.013*"vampire" + 0.009*"fun" + 0.008*"original" + 0.008*"fan" + 0.008*"dead" + 0.008*"play" + 0.007*"movies" + 0.007*"cast" + 0.006*"werewolf" + 0.006*"funny" + 0.006*"great" + 0.006*"classic" + 0.006*"series" + 0.005*"love"')
******************************






******************************

(6, '0.022*"demon" + 0.019*"evil" + 0.018*"devil" + 0.015*"baby" + 0.014*"possess" + 0.011*"possession" + 0.011*"witch" + 0.010*"mother" + 0.009*"demons" + 0.009*"curse" + 0.009*"book" + 0.008*"spirit" + 0.008*"demonic" + 0.008*"father" + 0.008*"child" + 0.007*"children" + 0.007*"priest"')
******************************






******************************

(7, '0.073*"movie" + 0.025*"watch" + 0.021*"bad" + 0.019*"like" + 0.019*"act" + 0.016*"good" + 0.014*"time" + 0.013*"horror" + 0.012*"movies" + 0.009*"think" + 0.008*"story" + 0.008*"end" + 0.007*"better" + 0.007*"see" + 0.007*"waste" + 0.007*"character" + 0.006*"look"')
******************************






******************************

(8, '0.104*"alien" + 0.054*"fi" + 0.052*"sci" + 0.051*"space" + 0.029*"earth" + 0.027*"science" + 0.024*"invasion" + 0.024*"fiction" + 0.015*"ship" + 0.015*"planet" + 0.007*"outer" + 0.007*"robot" + 0.007*"aussie" + 0.005*"facebook" + 0.005*"spaceship" + 0.005*"pod" + 0.005*"ufo"')
******************************






******************************

(9, '0.032*"film" + 0.015*"horror" + 0.014*"character" + 0.013*"story" + 0.009*"good" + 0.008*"feel" + 0.007*"end" + 0.006*"like" + 0.006*"little" + 0.006*"interest" + 0.005*"plot" + 0.005*"go" + 0.005*"work" + 0.005*"lot" + 0.005*"time" + 0.004*"come" + 0.004*"scenes"')
******************************






The Numner of words used are 9
******************************

(0, '0.055*"film" + 0.010*"like" + 0.006*"people" + 0.006*"camera" + 0.006*"time" + 0.006*"footage" + 0.006*"look" + 0.006*"sound" + 0.006*"scene" + 0.005*"make" + 0.005*"act" + 0.005*"write" + 0.005*"shoot" + 0.005*"bad" + 0.005*"watch" + 0.004*"minutes" + 0.004*"know" + 0.004*"director"')
******************************






******************************

(1, '0.012*"like" + 0.011*"go" + 0.011*"end" + 0.011*"kill" + 0.011*"movie" + 0.010*"house" + 0.010*"get" + 0.008*"know" + 0.008*"girl" + 0.007*"start" + 0.007*"people" + 0.007*"happen" + 0.006*"come" + 0.006*"guy" + 0.006*"character" + 0.006*"time" + 0.005*"try" + 0.005*"think"')
******************************






******************************

(2, '0.009*"play" + 0.005*"man" + 0.005*"star" + 0.004*"work" + 0.004*"michael" + 0.004*"direct" + 0.004*"movie" + 0.004*"wife" + 0.004*"jack" + 0.004*"home" + 0.004*"name" + 0.003*"director" + 0.003*"john" + 0.003*"new" + 0.003*"life" + 0.003*"young" + 0.003*"murder" + 0.003*"write"')
******************************






******************************

(3, '0.032*"zombie" + 0.016*"zombies" + 0.011*"creature" + 0.011*"monster" + 0.010*"dead" + 0.008*"attack" + 0.008*"action" + 0.007*"shark" + 0.007*"fight" + 0.007*"look" + 0.006*"effect" + 0.006*"like" + 0.005*"group" + 0.005*"human" + 0.005*"kill" + 0.005*"creatures" + 0.005*"world" + 0.004*"water"')
******************************






******************************

(4, '0.027*"sex" + 0.027*"nudity" + 0.019*"gore" + 0.018*"women" + 0.018*"blood" + 0.015*"film" + 0.012*"guide" + 0.012*"killer" + 0.012*"kill" + 0.011*"girls" + 0.010*"scene" + 0.010*"scenes" + 0.009*"torture" + 0.008*"word" + 0.008*"slasher" + 0.007*"violence" + 0.006*"female" + 0.006*"girl"')
******************************






******************************

(5, '0.023*"film" + 0.021*"horror" + 0.020*"comedy" + 0.013*"vampire" + 0.009*"fun" + 0.008*"original" + 0.008*"fan" + 0.008*"dead" + 0.008*"play" + 0.007*"movies" + 0.007*"cast" + 0.006*"werewolf" + 0.006*"funny" + 0.006*"great" + 0.006*"classic" + 0.006*"series" + 0.005*"love" + 0.005*"vampires"')
******************************






******************************

(6, '0.022*"demon" + 0.019*"evil" + 0.018*"devil" + 0.015*"baby" + 0.014*"possess" + 0.011*"possession" + 0.011*"witch" + 0.010*"mother" + 0.009*"demons" + 0.009*"curse" + 0.009*"book" + 0.008*"spirit" + 0.008*"demonic" + 0.008*"father" + 0.008*"child" + 0.007*"children" + 0.007*"priest" + 0.006*"religious"')
******************************






******************************

(7, '0.073*"movie" + 0.025*"watch" + 0.021*"bad" + 0.019*"like" + 0.019*"act" + 0.016*"good" + 0.014*"time" + 0.013*"horror" + 0.012*"movies" + 0.009*"think" + 0.008*"story" + 0.008*"end" + 0.007*"better" + 0.007*"see" + 0.007*"waste" + 0.007*"character" + 0.006*"look" + 0.006*"know"')
******************************






******************************

(8, '0.104*"alien" + 0.054*"fi" + 0.052*"sci" + 0.051*"space" + 0.029*"earth" + 0.027*"science" + 0.024*"invasion" + 0.024*"fiction" + 0.015*"ship" + 0.015*"planet" + 0.007*"outer" + 0.007*"robot" + 0.007*"aussie" + 0.005*"facebook" + 0.005*"spaceship" + 0.005*"pod" + 0.005*"ufo" + 0.004*"parasite"')
******************************






******************************

(9, '0.032*"film" + 0.015*"horror" + 0.014*"character" + 0.013*"story" + 0.009*"good" + 0.008*"feel" + 0.007*"end" + 0.006*"like" + 0.006*"little" + 0.006*"interest" + 0.005*"plot" + 0.005*"go" + 0.005*"work" + 0.005*"lot" + 0.005*"time" + 0.004*"come" + 0.004*"scenes" + 0.004*"set"')
******************************






The Numner of words used are 10
******************************

(0, '0.055*"film" + 0.010*"like" + 0.006*"people" + 0.006*"camera" + 0.006*"time" + 0.006*"footage" + 0.006*"look" + 0.006*"sound" + 0.006*"scene" + 0.005*"make" + 0.005*"act" + 0.005*"write" + 0.005*"shoot" + 0.005*"bad" + 0.005*"watch" + 0.004*"minutes" + 0.004*"know" + 0.004*"director" + 0.004*"review"')
******************************






******************************

(1, '0.012*"like" + 0.011*"go" + 0.011*"end" + 0.011*"kill" + 0.011*"movie" + 0.010*"house" + 0.010*"get" + 0.008*"know" + 0.008*"girl" + 0.007*"start" + 0.007*"people" + 0.007*"happen" + 0.006*"come" + 0.006*"guy" + 0.006*"character" + 0.006*"time" + 0.005*"try" + 0.005*"think" + 0.005*"film"')
******************************






******************************

(2, '0.009*"play" + 0.005*"man" + 0.005*"star" + 0.004*"work" + 0.004*"michael" + 0.004*"direct" + 0.004*"movie" + 0.004*"wife" + 0.004*"jack" + 0.004*"home" + 0.004*"name" + 0.003*"director" + 0.003*"john" + 0.003*"new" + 0.003*"life" + 0.003*"young" + 0.003*"murder" + 0.003*"write" + 0.003*"david"')
******************************






******************************

(3, '0.032*"zombie" + 0.016*"zombies" + 0.011*"creature" + 0.011*"monster" + 0.010*"dead" + 0.008*"attack" + 0.008*"action" + 0.007*"shark" + 0.007*"fight" + 0.007*"look" + 0.006*"effect" + 0.006*"like" + 0.005*"group" + 0.005*"human" + 0.005*"kill" + 0.005*"creatures" + 0.005*"world" + 0.004*"water" + 0.004*"people"')
******************************






******************************

(4, '0.027*"sex" + 0.027*"nudity" + 0.019*"gore" + 0.018*"women" + 0.018*"blood" + 0.015*"film" + 0.012*"guide" + 0.012*"killer" + 0.012*"kill" + 0.011*"girls" + 0.010*"scene" + 0.010*"scenes" + 0.009*"torture" + 0.008*"word" + 0.008*"slasher" + 0.007*"violence" + 0.006*"female" + 0.006*"girl" + 0.006*"murder"')
******************************






******************************

(5, '0.023*"film" + 0.021*"horror" + 0.020*"comedy" + 0.013*"vampire" + 0.009*"fun" + 0.008*"original" + 0.008*"fan" + 0.008*"dead" + 0.008*"play" + 0.007*"movies" + 0.007*"cast" + 0.006*"werewolf" + 0.006*"funny" + 0.006*"great" + 0.006*"classic" + 0.006*"series" + 0.005*"love" + 0.005*"vampires" + 0.005*"star"')
******************************






******************************

(6, '0.022*"demon" + 0.019*"evil" + 0.018*"devil" + 0.015*"baby" + 0.014*"possess" + 0.011*"possession" + 0.011*"witch" + 0.010*"mother" + 0.009*"demons" + 0.009*"curse" + 0.009*"book" + 0.008*"spirit" + 0.008*"demonic" + 0.008*"father" + 0.008*"child" + 0.007*"children" + 0.007*"priest" + 0.006*"religious" + 0.006*"woman"')
******************************






******************************

(7, '0.073*"movie" + 0.025*"watch" + 0.021*"bad" + 0.019*"like" + 0.019*"act" + 0.016*"good" + 0.014*"time" + 0.013*"horror" + 0.012*"movies" + 0.009*"think" + 0.008*"story" + 0.008*"end" + 0.007*"better" + 0.007*"see" + 0.007*"waste" + 0.007*"character" + 0.006*"look" + 0.006*"know" + 0.006*"film"')
******************************






******************************

(8, '0.104*"alien" + 0.054*"fi" + 0.052*"sci" + 0.051*"space" + 0.029*"earth" + 0.027*"science" + 0.024*"invasion" + 0.024*"fiction" + 0.015*"ship" + 0.015*"planet" + 0.007*"outer" + 0.007*"robot" + 0.007*"aussie" + 0.005*"facebook" + 0.005*"spaceship" + 0.005*"pod" + 0.005*"ufo" + 0.004*"parasite" + 0.004*"goo"')
******************************






******************************

(9, '0.032*"film" + 0.015*"horror" + 0.014*"character" + 0.013*"story" + 0.009*"good" + 0.008*"feel" + 0.007*"end" + 0.006*"like" + 0.006*"little" + 0.006*"interest" + 0.005*"plot" + 0.005*"go" + 0.005*"work" + 0.005*"lot" + 0.005*"time" + 0.004*"come" + 0.004*"scenes" + 0.004*"set" + 0.004*"way"')
******************************






